  main.cpp
  cl_version.h: CL_TARGET_OPENCL_VERSION is not defined. Defaulting to 300 (OpenCL 3.0)
C:\Users\1\source\repos\PGE\Project1\main.cpp(261,27): warning C4018: <: несоответствие типов со знаком и без знака
C:\Users\1\source\repos\PGE\Project1\main.cpp(408,35): warning C4018: <: несоответствие типов со знаком и без знака
C:\Users\1\source\repos\PGE\Project1\main.cpp(426,52): warning C4838: Преобразование из "int" в "size_t" требует сужающего преобразования.
C:\Users\1\source\repos\PGE\Project1\main.cpp(426,81): warning C4838: Преобразование из "int" в "size_t" требует сужающего преобразования.
C:\Users\1\source\repos\PGE\Project1\main.cpp(462,52): warning C4838: Преобразование из "int" в "size_t" требует сужающего преобразования.
C:\Users\1\source\repos\PGE\Project1\main.cpp(462,81): warning C4838: Преобразование из "int" в "size_t" требует сужающего преобразования.
C:\Users\1\source\repos\PGE\Project1\main.cpp(498,48): warning C4838: Преобразование из "int" в "size_t" требует сужающего преобразования.
C:\Users\1\source\repos\PGE\Project1\main.cpp(498,77): warning C4838: Преобразование из "int" в "size_t" требует сужающего преобразования.
C:\Users\1\source\repos\PGE\Project1\main.cpp(527,52): warning C4838: Преобразование из "int" в "size_t" требует сужающего преобразования.
C:\Users\1\source\repos\PGE\Project1\main.cpp(527,81): warning C4838: Преобразование из "int" в "size_t" требует сужающего преобразования.
C:\Users\1\source\repos\PGE\Project1\main.cpp(553,52): warning C4838: Преобразование из "int" в "size_t" требует сужающего преобразования.
C:\Users\1\source\repos\PGE\Project1\main.cpp(553,81): warning C4838: Преобразование из "int" в "size_t" требует сужающего преобразования.
C:\Users\1\source\repos\PGE\Project1\main.cpp(588,48): warning C4838: Преобразование из "int" в "size_t" требует сужающего преобразования.
C:\Users\1\source\repos\PGE\Project1\main.cpp(588,77): warning C4838: Преобразование из "int" в "size_t" требует сужающего преобразования.
C:\Users\1\source\repos\PGE\Project1\main.cpp(617,48): warning C4838: Преобразование из "int" в "size_t" требует сужающего преобразования.
C:\Users\1\source\repos\PGE\Project1\main.cpp(617,77): warning C4838: Преобразование из "int" в "size_t" требует сужающего преобразования.
C:\Users\1\source\repos\PGE\Project1\main.cpp(644,48): warning C4838: Преобразование из "int" в "size_t" требует сужающего преобразования.
C:\Users\1\source\repos\PGE\Project1\main.cpp(644,77): warning C4838: Преобразование из "int" в "size_t" требует сужающего преобразования.
C:\Users\1\source\repos\PGE\Project1\main.cpp(670,48): warning C4838: Преобразование из "int" в "size_t" требует сужающего преобразования.
C:\Users\1\source\repos\PGE\Project1\main.cpp(670,77): warning C4838: Преобразование из "int" в "size_t" требует сужающего преобразования.
C:\Users\1\source\repos\PGE\Project1\main.cpp(696,48): warning C4838: Преобразование из "int" в "size_t" требует сужающего преобразования.
C:\Users\1\source\repos\PGE\Project1\main.cpp(696,77): warning C4838: Преобразование из "int" в "size_t" требует сужающего преобразования.
C:\Users\1\source\repos\PGE\Project1\main.cpp(722,48): warning C4838: Преобразование из "int" в "size_t" требует сужающего преобразования.
C:\Users\1\source\repos\PGE\Project1\main.cpp(722,77): warning C4838: Преобразование из "int" в "size_t" требует сужающего преобразования.
C:\Users\1\source\repos\PGE\Project1\main.cpp(748,48): warning C4838: Преобразование из "int" в "size_t" требует сужающего преобразования.
C:\Users\1\source\repos\PGE\Project1\main.cpp(748,77): warning C4838: Преобразование из "int" в "size_t" требует сужающего преобразования.
C:\Users\1\source\repos\PGE\Project1\main.cpp(781,48): warning C4838: Преобразование из "int" в "size_t" требует сужающего преобразования.
C:\Users\1\source\repos\PGE\Project1\main.cpp(781,77): warning C4838: Преобразование из "int" в "size_t" требует сужающего преобразования.
C:\Users\1\source\repos\PGE\Project1\main.cpp(951,27): warning C4018: <: несоответствие типов со знаком и без знака
C:\Users\1\source\repos\PGE\Project1\main.cpp(1069,35): warning C4018: <: несоответствие типов со знаком и без знака
C:\Users\1\source\repos\PGE\Project1\main.cpp(1140,39): warning C4018: <: несоответствие типов со знаком и без знака
C:\Users\1\source\repos\PGE\Project1\main.cpp(1181,35): warning C4018: <: несоответствие типов со знаком и без знака
C:\Users\1\source\repos\PGE\Project1\main.cpp(1202,43): warning C4018: <: несоответствие типов со знаком и без знака
C:\Users\1\source\repos\PGE\Project1\main.cpp(1216,43): warning C4018: <: несоответствие типов со знаком и без знака
C:\Users\1\source\repos\PGE\Project1\main.cpp(1222,47): warning C4018: <: несоответствие типов со знаком и без знака
C:\Users\1\source\repos\PGE\Project1\main.cpp(1237,47): warning C4018: <: несоответствие типов со знаком и без знака
C:\Users\1\source\repos\PGE\Project1\main.cpp(1439,43): warning C4018: <: несоответствие типов со знаком и без знака
C:\Users\1\source\repos\PGE\Project1\main.cpp(1068,21): warning C4101: nom: неиспользованная локальная переменная
C:\Users\1\source\repos\PGE\Project1\main.cpp(1979,35): warning C4018: <: несоответствие типов со знаком и без знака
C:\Users\1\source\repos\PGE\Project1\main.cpp(1986,35): warning C4018: <: несоответствие типов со знаком и без знака
C:\Users\1\source\repos\PGE\Project1\main.cpp(1995,43): warning C4018: <: несоответствие типов со знаком и без знака
C:\Users\1\source\repos\PGE\Project1\main.cpp(2008,51): warning C4018: <: несоответствие типов со знаком и без знака
C:\Users\1\source\repos\PGE\Project1\main.cpp(2058,52): warning C4018: <: несоответствие типов со знаком и без знака
C:\Users\1\source\repos\PGE\Project1\main.cpp(2077,56): warning C4018: <: несоответствие типов со знаком и без знака
C:\Users\1\source\repos\PGE\Project1\main.cpp(2119,51): warning C4018: <: несоответствие типов со знаком и без знака
C:\Users\1\source\repos\PGE\Project1\main.cpp(2138,55): warning C4018: <: несоответствие типов со знаком и без знака
C:\Users\1\source\repos\PGE\Project1\main.cpp(2181,51): warning C4018: <: несоответствие типов со знаком и без знака
C:\Users\1\source\repos\PGE\Project1\main.cpp(2200,55): warning C4018: <: несоответствие типов со знаком и без знака
C:\Users\1\source\repos\PGE\Project1\main.cpp(2291,35): warning C4018: <: несоответствие типов со знаком и без знака
C:\Users\1\source\repos\PGE\Project1\main.cpp(2348,35): warning C4018: <: несоответствие типов со знаком и без знака
C:\Users\1\source\repos\PGE\Project1\main.cpp(2360,35): warning C4018: <: несоответствие типов со знаком и без знака
C:\Users\1\source\repos\PGE\Project1\main.cpp(2385,35): warning C4018: <: несоответствие типов со знаком и без знака
C:\Users\1\source\repos\PGE\Project1\main.cpp(2397,35): warning C4018: <: несоответствие типов со знаком и без знака
C:\Users\1\source\repos\PGE\Project1\main.cpp(2408,35): warning C4018: <: несоответствие типов со знаком и без знака
C:\Users\1\source\repos\PGE\Project1\main.cpp(2419,35): warning C4018: <: несоответствие типов со знаком и без знака
C:\Users\1\source\repos\PGE\Project1\main.cpp(2431,35): warning C4018: <: несоответствие типов со знаком и без знака
C:\Users\1\source\repos\PGE\Project1\main.cpp(2444,35): warning C4018: <: несоответствие типов со знаком и без знака
C:\Users\1\source\repos\PGE\Project1\main.cpp(2472,35): warning C4018: <: несоответствие типов со знаком и без знака
C:\Users\1\source\repos\PGE\Project1\main.cpp(2535,43): warning C4018: <: несоответствие типов со знаком и без знака
C:\Users\1\source\repos\PGE\Project1\main.cpp(2547,43): warning C4018: <: несоответствие типов со знаком и без знака
C:\Users\1\source\repos\PGE\Project1\main.cpp(2618,31): warning C4018: <: несоответствие типов со знаком и без знака
C:\Users\1\source\repos\PGE\Project1\main.cpp(2626,35): warning C4018: <: несоответствие типов со знаком и без знака
C:\Users\1\source\repos\PGE\Project1\main.cpp(2664,43): warning C4018: <: несоответствие типов со знаком и без знака
C:\Users\1\source\repos\PGE\Project1\main.cpp(2676,43): warning C4018: <: несоответствие типов со знаком и без знака
C:\Users\1\source\repos\PGE\Project1\main.cpp(2747,31): warning C4018: <: несоответствие типов со знаком и без знака
C:\Users\1\source\repos\PGE\Project1\main.cpp(2755,35): warning C4018: <: несоответствие типов со знаком и без знака
C:\Users\1\source\repos\PGE\Project1\main.cpp(2825,55): warning C4018: <: несоответствие типов со знаком и без знака
C:\Users\1\source\repos\PGE\Project1\main.cpp(2840,55): warning C4018: <: несоответствие типов со знаком и без знака
C:\Users\1\source\repos\PGE\Project1\main.cpp(2970,55): warning C4018: <: несоответствие типов со знаком и без знака
C:\Users\1\source\repos\PGE\Project1\main.cpp(2984,55): warning C4018: <: несоответствие типов со знаком и без знака
C:\Users\1\source\repos\PGE\Project1\main.cpp(3106,51): warning C4018: <: несоответствие типов со знаком и без знака
C:\Users\1\source\repos\PGE\Project1\main.cpp(3122,51): warning C4018: <: несоответствие типов со знаком и без знака
C:\Users\1\source\repos\PGE\Project1\main.cpp(3290,59): warning C4018: <: несоответствие типов со знаком и без знака
C:\Users\1\source\repos\PGE\Project1\main.cpp(3307,59): warning C4018: <: несоответствие типов со знаком и без знака
C:\Users\1\source\repos\PGE\Project1\main.cpp(3448,63): warning C4018: <: несоответствие типов со знаком и без знака
C:\Users\1\source\repos\PGE\Project1\main.cpp(3465,63): warning C4018: <: несоответствие типов со знаком и без знака
C:\Users\1\source\repos\PGE\Project1\main.cpp(3609,63): warning C4018: <: несоответствие типов со знаком и без знака
C:\Users\1\source\repos\PGE\Project1\main.cpp(3625,63): warning C4018: <: несоответствие типов со знаком и без знака
C:\Users\1\source\repos\PGE\Project1\main.cpp(3986,59): warning C4018: <: несоответствие типов со знаком и без знака
C:\Users\1\source\repos\PGE\Project1\main.cpp(4105,39): warning C4018: <: несоответствие типов со знаком и без знака
C:\Users\1\source\repos\PGE\Project1\main.cpp(4109,47): warning C4018: <: несоответствие типов со знаком и без знака
C:\Users\1\source\repos\PGE\Project1\main.cpp(4113,51): warning C4018: <: несоответствие типов со знаком и без знака
C:\Users\1\source\repos\PGE\Project1\main.cpp(4129,39): warning C4018: <: несоответствие типов со знаком и без знака
C:\Users\1\source\repos\PGE\Project1\main.cpp(4135,47): warning C4018: <: несоответствие типов со знаком и без знака
C:\Users\1\source\repos\PGE\Project1\main.cpp(4165,35): warning C4018: <: несоответствие типов со знаком и без знака
C:\Users\1\source\repos\PGE\Project1\main.cpp(4183,31): warning C4018: <: несоответствие типов со знаком и без знака
C:\Users\1\source\repos\PGE\Project1\main.cpp(4673,26): warning C4018: <: несоответствие типов со знаком и без знака
C:\Users\1\source\repos\PGE\Project1\main.cpp(4732,27): warning C4018: <: несоответствие типов со знаком и без знака
C:\Users\1\source\repos\PGE\Project1\main.cpp(4744,27): warning C4018: <: несоответствие типов со знаком и без знака
C:\Users\1\source\repos\PGE\Project1\main.cpp(4799,29): warning C4244: аргумент: преобразование "double" в "GLfloat", возможна потеря данных
C:\Users\1\source\repos\PGE\Project1\main.cpp(4799,26): warning C4244: аргумент: преобразование "double" в "GLfloat", возможна потеря данных
C:\Users\1\source\repos\PGE\Project1\main.cpp(4799,23): warning C4244: аргумент: преобразование "double" в "GLfloat", возможна потеря данных
C:\Users\1\source\repos\PGE\Project1\main.cpp(4804,58): warning C4244: аргумент: преобразование "double" в "GLfloat", возможна потеря данных
C:\Users\1\source\repos\PGE\Project1\main.cpp(4804,38): warning C4244: аргумент: преобразование "double" в "GLfloat", возможна потеря данных
C:\Users\1\source\repos\PGE\Project1\main.cpp(4805,63): warning C4244: аргумент: преобразование "double" в "GLfloat", возможна потеря данных
C:\Users\1\source\repos\PGE\Project1\main.cpp(4805,39): warning C4244: аргумент: преобразование "double" в "GLfloat", возможна потеря данных
C:\Users\1\source\repos\PGE\Project1\main.cpp(4806,76): warning C4244: аргумент: преобразование "double" в "GLfloat", возможна потеря данных
C:\Users\1\source\repos\PGE\Project1\main.cpp(4806,43): warning C4244: аргумент: преобразование "double" в "GLfloat", возможна потеря данных
C:\Users\1\source\repos\PGE\Project1\main.cpp(4807,72): warning C4244: аргумент: преобразование "double" в "GLfloat", возможна потеря данных
C:\Users\1\source\repos\PGE\Project1\main.cpp(4807,43): warning C4244: аргумент: преобразование "double" в "GLfloat", возможна потеря данных
C:\Users\1\source\repos\PGE\Project1\main.cpp(4847,29): warning C4244: аргумент: преобразование "double" в "GLfloat", возможна потеря данных
C:\Users\1\source\repos\PGE\Project1\main.cpp(4847,26): warning C4244: аргумент: преобразование "double" в "GLfloat", возможна потеря данных
C:\Users\1\source\repos\PGE\Project1\main.cpp(4847,23): warning C4244: аргумент: преобразование "double" в "GLfloat", возможна потеря данных
C:\Users\1\source\repos\PGE\Project1\main.cpp(4849,35): warning C4244: аргумент: преобразование "double" в "GLfloat", возможна потеря данных
C:\Users\1\source\repos\PGE\Project1\main.cpp(4849,31): warning C4244: аргумент: преобразование "double" в "GLfloat", возможна потеря данных
C:\Users\1\source\repos\PGE\Project1\main.cpp(4850,43): warning C4244: аргумент: преобразование "double" в "GLfloat", возможна потеря данных
C:\Users\1\source\repos\PGE\Project1\main.cpp(4850,31): warning C4244: аргумент: преобразование "double" в "GLfloat", возможна потеря данных
C:\Users\1\source\repos\PGE\Project1\main.cpp(4851,56): warning C4244: аргумент: преобразование "double" в "GLfloat", возможна потеря данных
C:\Users\1\source\repos\PGE\Project1\main.cpp(4851,34): warning C4244: аргумент: преобразование "double" в "GLfloat", возможна потеря данных
C:\Users\1\source\repos\PGE\Project1\main.cpp(4852,48): warning C4244: аргумент: преобразование "double" в "GLfloat", возможна потеря данных
C:\Users\1\source\repos\PGE\Project1\main.cpp(4852,34): warning C4244: аргумент: преобразование "double" в "GLfloat", возможна потеря данных
C:\Users\1\source\repos\PGE\Project1\main.cpp(4884,48): warning C4244: аргумент: преобразование "double" в "GLfloat", возможна потеря данных
C:\Users\1\source\repos\PGE\Project1\main.cpp(4884,35): warning C4244: аргумент: преобразование "double" в "GLfloat", возможна потеря данных
C:\Users\1\source\repos\PGE\Project1\main.cpp(4884,28): warning C4244: аргумент: преобразование "double" в "GLfloat", возможна потеря данных
C:\Users\1\source\repos\PGE\Project1\main.cpp(4885,56): warning C4244: аргумент: преобразование "double" в "GLfloat", возможна потеря данных
C:\Users\1\source\repos\PGE\Project1\main.cpp(4885,39): warning C4244: аргумент: преобразование "double" в "GLfloat", возможна потеря данных
C:\Users\1\source\repos\PGE\Project1\main.cpp(4885,28): warning C4244: аргумент: преобразование "double" в "GLfloat", возможна потеря данных
C:\Users\1\source\repos\PGE\Project1\main.cpp(4886,48): warning C4244: аргумент: преобразование "double" в "GLfloat", возможна потеря данных
C:\Users\1\source\repos\PGE\Project1\main.cpp(4886,35): warning C4244: аргумент: преобразование "double" в "GLfloat", возможна потеря данных
C:\Users\1\source\repos\PGE\Project1\main.cpp(4886,28): warning C4244: аргумент: преобразование "double" в "GLfloat", возможна потеря данных
C:\Users\1\source\repos\PGE\Project1\main.cpp(4887,56): warning C4244: аргумент: преобразование "double" в "GLfloat", возможна потеря данных
C:\Users\1\source\repos\PGE\Project1\main.cpp(4887,39): warning C4244: аргумент: преобразование "double" в "GLfloat", возможна потеря данных
C:\Users\1\source\repos\PGE\Project1\main.cpp(4887,32): warning C4244: аргумент: преобразование "double" в "GLfloat", возможна потеря данных
C:\Users\1\source\repos\PGE\Project1\main.cpp(4888,48): warning C4244: аргумент: преобразование "double" в "GLfloat", возможна потеря данных
C:\Users\1\source\repos\PGE\Project1\main.cpp(4888,35): warning C4244: аргумент: преобразование "double" в "GLfloat", возможна потеря данных
C:\Users\1\source\repos\PGE\Project1\main.cpp(4888,28): warning C4244: аргумент: преобразование "double" в "GLfloat", возможна потеря данных
C:\Users\1\source\repos\PGE\Project1\main.cpp(4889,56): warning C4244: аргумент: преобразование "double" в "GLfloat", возможна потеря данных
C:\Users\1\source\repos\PGE\Project1\main.cpp(4889,39): warning C4244: аргумент: преобразование "double" в "GLfloat", возможна потеря данных
C:\Users\1\source\repos\PGE\Project1\main.cpp(4889,28): warning C4244: аргумент: преобразование "double" в "GLfloat", возможна потеря данных
C:\Users\1\source\repos\PGE\Project1\main.cpp(4890,48): warning C4244: аргумент: преобразование "double" в "GLfloat", возможна потеря данных
C:\Users\1\source\repos\PGE\Project1\main.cpp(4890,35): warning C4244: аргумент: преобразование "double" в "GLfloat", возможна потеря данных
C:\Users\1\source\repos\PGE\Project1\main.cpp(4890,28): warning C4244: аргумент: преобразование "double" в "GLfloat", возможна потеря данных
C:\Users\1\source\repos\PGE\Project1\main.cpp(4891,56): warning C4244: аргумент: преобразование "double" в "GLfloat", возможна потеря данных
C:\Users\1\source\repos\PGE\Project1\main.cpp(4891,39): warning C4244: аргумент: преобразование "double" в "GLfloat", возможна потеря данных
C:\Users\1\source\repos\PGE\Project1\main.cpp(4891,32): warning C4244: аргумент: преобразование "double" в "GLfloat", возможна потеря данных
C:\Users\1\source\repos\PGE\Project1\main.cpp(4896,50): warning C4244: аргумент: преобразование "double" в "GLfloat", возможна потеря данных
C:\Users\1\source\repos\PGE\Project1\main.cpp(4896,35): warning C4244: аргумент: преобразование "double" в "GLfloat", возможна потеря данных
C:\Users\1\source\repos\PGE\Project1\main.cpp(4896,28): warning C4244: аргумент: преобразование "double" в "GLfloat", возможна потеря данных
C:\Users\1\source\repos\PGE\Project1\main.cpp(4897,58): warning C4244: аргумент: преобразование "double" в "GLfloat", возможна потеря данных
C:\Users\1\source\repos\PGE\Project1\main.cpp(4897,39): warning C4244: аргумент: преобразование "double" в "GLfloat", возможна потеря данных
C:\Users\1\source\repos\PGE\Project1\main.cpp(4897,28): warning C4244: аргумент: преобразование "double" в "GLfloat", возможна потеря данных
C:\Users\1\source\repos\PGE\Project1\main.cpp(4898,50): warning C4244: аргумент: преобразование "double" в "GLfloat", возможна потеря данных
C:\Users\1\source\repos\PGE\Project1\main.cpp(4898,35): warning C4244: аргумент: преобразование "double" в "GLfloat", возможна потеря данных
C:\Users\1\source\repos\PGE\Project1\main.cpp(4898,28): warning C4244: аргумент: преобразование "double" в "GLfloat", возможна потеря данных
C:\Users\1\source\repos\PGE\Project1\main.cpp(4899,58): warning C4244: аргумент: преобразование "double" в "GLfloat", возможна потеря данных
C:\Users\1\source\repos\PGE\Project1\main.cpp(4899,39): warning C4244: аргумент: преобразование "double" в "GLfloat", возможна потеря данных
C:\Users\1\source\repos\PGE\Project1\main.cpp(4899,32): warning C4244: аргумент: преобразование "double" в "GLfloat", возможна потеря данных
C:\Users\1\source\repos\PGE\Project1\main.cpp(4901,50): warning C4244: аргумент: преобразование "double" в "GLfloat", возможна потеря данных
C:\Users\1\source\repos\PGE\Project1\main.cpp(4901,35): warning C4244: аргумент: преобразование "double" в "GLfloat", возможна потеря данных
C:\Users\1\source\repos\PGE\Project1\main.cpp(4901,28): warning C4244: аргумент: преобразование "double" в "GLfloat", возможна потеря данных
C:\Users\1\source\repos\PGE\Project1\main.cpp(4902,58): warning C4244: аргумент: преобразование "double" в "GLfloat", возможна потеря данных
C:\Users\1\source\repos\PGE\Project1\main.cpp(4902,39): warning C4244: аргумент: преобразование "double" в "GLfloat", возможна потеря данных
C:\Users\1\source\repos\PGE\Project1\main.cpp(4902,28): warning C4244: аргумент: преобразование "double" в "GLfloat", возможна потеря данных
C:\Users\1\source\repos\PGE\Project1\main.cpp(4903,50): warning C4244: аргумент: преобразование "double" в "GLfloat", возможна потеря данных
C:\Users\1\source\repos\PGE\Project1\main.cpp(4903,35): warning C4244: аргумент: преобразование "double" в "GLfloat", возможна потеря данных
C:\Users\1\source\repos\PGE\Project1\main.cpp(4903,28): warning C4244: аргумент: преобразование "double" в "GLfloat", возможна потеря данных
C:\Users\1\source\repos\PGE\Project1\main.cpp(4904,58): warning C4244: аргумент: преобразование "double" в "GLfloat", возможна потеря данных
C:\Users\1\source\repos\PGE\Project1\main.cpp(4904,39): warning C4244: аргумент: преобразование "double" в "GLfloat", возможна потеря данных
C:\Users\1\source\repos\PGE\Project1\main.cpp(4904,32): warning C4244: аргумент: преобразование "double" в "GLfloat", возможна потеря данных
C:\Users\1\source\repos\PGE\Project1\main.cpp(4913,44): warning C4244: аргумент: преобразование "double" в "GLfloat", возможна потеря данных
C:\Users\1\source\repos\PGE\Project1\main.cpp(4913,31): warning C4244: аргумент: преобразование "double" в "GLfloat", возможна потеря данных
C:\Users\1\source\repos\PGE\Project1\main.cpp(4913,24): warning C4244: аргумент: преобразование "double" в "GLfloat", возможна потеря данных
C:\Users\1\source\repos\PGE\Project1\main.cpp(4914,52): warning C4244: аргумент: преобразование "double" в "GLfloat", возможна потеря данных
C:\Users\1\source\repos\PGE\Project1\main.cpp(4914,35): warning C4244: аргумент: преобразование "double" в "GLfloat", возможна потеря данных
C:\Users\1\source\repos\PGE\Project1\main.cpp(4914,28): warning C4244: аргумент: преобразование "double" в "GLfloat", возможна потеря данных
C:\Users\1\source\repos\PGE\Project1\main.cpp(4915,44): warning C4244: аргумент: преобразование "double" в "GLfloat", возможна потеря данных
C:\Users\1\source\repos\PGE\Project1\main.cpp(4915,31): warning C4244: аргумент: преобразование "double" в "GLfloat", возможна потеря данных
C:\Users\1\source\repos\PGE\Project1\main.cpp(4915,24): warning C4244: аргумент: преобразование "double" в "GLfloat", возможна потеря данных
C:\Users\1\source\repos\PGE\Project1\main.cpp(4916,52): warning C4244: аргумент: преобразование "double" в "GLfloat", возможна потеря данных
C:\Users\1\source\repos\PGE\Project1\main.cpp(4916,35): warning C4244: аргумент: преобразование "double" в "GLfloat", возможна потеря данных
C:\Users\1\source\repos\PGE\Project1\main.cpp(4916,28): warning C4244: аргумент: преобразование "double" в "GLfloat", возможна потеря данных
C:\Users\1\source\repos\PGE\Project1\main.cpp(4917,52): warning C4244: аргумент: преобразование "double" в "GLfloat", возможна потеря данных
C:\Users\1\source\repos\PGE\Project1\main.cpp(4917,35): warning C4244: аргумент: преобразование "double" в "GLfloat", возможна потеря данных
C:\Users\1\source\repos\PGE\Project1\main.cpp(4917,24): warning C4244: аргумент: преобразование "double" в "GLfloat", возможна потеря данных
C:\Users\1\source\repos\PGE\Project1\main.cpp(4918,60): warning C4244: аргумент: преобразование "double" в "GLfloat", возможна потеря данных
C:\Users\1\source\repos\PGE\Project1\main.cpp(4918,39): warning C4244: аргумент: преобразование "double" в "GLfloat", возможна потеря данных
C:\Users\1\source\repos\PGE\Project1\main.cpp(4918,28): warning C4244: аргумент: преобразование "double" в "GLfloat", возможна потеря данных
C:\Users\1\source\repos\PGE\Project1\main.cpp(4919,52): warning C4244: аргумент: преобразование "double" в "GLfloat", возможна потеря данных
C:\Users\1\source\repos\PGE\Project1\main.cpp(4919,35): warning C4244: аргумент: преобразование "double" в "GLfloat", возможна потеря данных
C:\Users\1\source\repos\PGE\Project1\main.cpp(4919,24): warning C4244: аргумент: преобразование "double" в "GLfloat", возможна потеря данных
C:\Users\1\source\repos\PGE\Project1\main.cpp(4920,60): warning C4244: аргумент: преобразование "double" в "GLfloat", возможна потеря данных
C:\Users\1\source\repos\PGE\Project1\main.cpp(4920,39): warning C4244: аргумент: преобразование "double" в "GLfloat", возможна потеря данных
C:\Users\1\source\repos\PGE\Project1\main.cpp(4920,28): warning C4244: аргумент: преобразование "double" в "GLfloat", возможна потеря данных
C:\Users\1\source\repos\PGE\Project1\main.cpp(4925,46): warning C4244: аргумент: преобразование "double" в "GLfloat", возможна потеря данных
C:\Users\1\source\repos\PGE\Project1\main.cpp(4925,31): warning C4244: аргумент: преобразование "double" в "GLfloat", возможна потеря данных
C:\Users\1\source\repos\PGE\Project1\main.cpp(4925,24): warning C4244: аргумент: преобразование "double" в "GLfloat", возможна потеря данных
C:\Users\1\source\repos\PGE\Project1\main.cpp(4926,54): warning C4244: аргумент: преобразование "double" в "GLfloat", возможна потеря данных
C:\Users\1\source\repos\PGE\Project1\main.cpp(4926,35): warning C4244: аргумент: преобразование "double" в "GLfloat", возможна потеря данных
C:\Users\1\source\repos\PGE\Project1\main.cpp(4926,28): warning C4244: аргумент: преобразование "double" в "GLfloat", возможна потеря данных
C:\Users\1\source\repos\PGE\Project1\main.cpp(4927,46): warning C4244: аргумент: преобразование "double" в "GLfloat", возможна потеря данных
C:\Users\1\source\repos\PGE\Project1\main.cpp(4927,31): warning C4244: аргумент: преобразование "double" в "GLfloat", возможна потеря данных
C:\Users\1\source\repos\PGE\Project1\main.cpp(4927,24): warning C4244: аргумент: преобразование "double" в "GLfloat", возможна потеря данных
C:\Users\1\source\repos\PGE\Project1\main.cpp(4928,54): warning C4244: аргумент: преобразование "double" в "GLfloat", возможна потеря данных
C:\Users\1\source\repos\PGE\Project1\main.cpp(4928,35): warning C4244: аргумент: преобразование "double" в "GLfloat", возможна потеря данных
C:\Users\1\source\repos\PGE\Project1\main.cpp(4928,28): warning C4244: аргумент: преобразование "double" в "GLfloat", возможна потеря данных
C:\Users\1\source\repos\PGE\Project1\main.cpp(4930,54): warning C4244: аргумент: преобразование "double" в "GLfloat", возможна потеря данных
C:\Users\1\source\repos\PGE\Project1\main.cpp(4930,35): warning C4244: аргумент: преобразование "double" в "GLfloat", возможна потеря данных
C:\Users\1\source\repos\PGE\Project1\main.cpp(4930,24): warning C4244: аргумент: преобразование "double" в "GLfloat", возможна потеря данных
C:\Users\1\source\repos\PGE\Project1\main.cpp(4931,62): warning C4244: аргумент: преобразование "double" в "GLfloat", возможна потеря данных
C:\Users\1\source\repos\PGE\Project1\main.cpp(4931,39): warning C4244: аргумент: преобразование "double" в "GLfloat", возможна потеря данных
C:\Users\1\source\repos\PGE\Project1\main.cpp(4931,28): warning C4244: аргумент: преобразование "double" в "GLfloat", возможна потеря данных
C:\Users\1\source\repos\PGE\Project1\main.cpp(4932,54): warning C4244: аргумент: преобразование "double" в "GLfloat", возможна потеря данных
C:\Users\1\source\repos\PGE\Project1\main.cpp(4932,35): warning C4244: аргумент: преобразование "double" в "GLfloat", возможна потеря данных
C:\Users\1\source\repos\PGE\Project1\main.cpp(4932,24): warning C4244: аргумент: преобразование "double" в "GLfloat", возможна потеря данных
C:\Users\1\source\repos\PGE\Project1\main.cpp(4933,62): warning C4244: аргумент: преобразование "double" в "GLfloat", возможна потеря данных
C:\Users\1\source\repos\PGE\Project1\main.cpp(4933,39): warning C4244: аргумент: преобразование "double" в "GLfloat", возможна потеря данных
C:\Users\1\source\repos\PGE\Project1\main.cpp(4933,28): warning C4244: аргумент: преобразование "double" в "GLfloat", возможна потеря данных
C:\Users\1\source\repos\PGE\Project1\main.cpp(4941,44): warning C4244: аргумент: преобразование "double" в "GLfloat", возможна потеря данных
C:\Users\1\source\repos\PGE\Project1\main.cpp(4941,31): warning C4244: аргумент: преобразование "double" в "GLfloat", возможна потеря данных
C:\Users\1\source\repos\PGE\Project1\main.cpp(4941,24): warning C4244: аргумент: преобразование "double" в "GLfloat", возможна потеря данных
C:\Users\1\source\repos\PGE\Project1\main.cpp(4942,52): warning C4244: аргумент: преобразование "double" в "GLfloat", возможна потеря данных
C:\Users\1\source\repos\PGE\Project1\main.cpp(4942,35): warning C4244: аргумент: преобразование "double" в "GLfloat", возможна потеря данных
C:\Users\1\source\repos\PGE\Project1\main.cpp(4942,24): warning C4244: аргумент: преобразование "double" в "GLfloat", возможна потеря данных
C:\Users\1\source\repos\PGE\Project1\main.cpp(4943,44): warning C4244: аргумент: преобразование "double" в "GLfloat", возможна потеря данных
C:\Users\1\source\repos\PGE\Project1\main.cpp(4943,31): warning C4244: аргумент: преобразование "double" в "GLfloat", возможна потеря данных
C:\Users\1\source\repos\PGE\Project1\main.cpp(4943,24): warning C4244: аргумент: преобразование "double" в "GLfloat", возможна потеря данных
C:\Users\1\source\repos\PGE\Project1\main.cpp(4944,52): warning C4244: аргумент: преобразование "double" в "GLfloat", возможна потеря данных
C:\Users\1\source\repos\PGE\Project1\main.cpp(4944,35): warning C4244: аргумент: преобразование "double" в "GLfloat", возможна потеря данных
C:\Users\1\source\repos\PGE\Project1\main.cpp(4944,24): warning C4244: аргумент: преобразование "double" в "GLfloat", возможна потеря данных
C:\Users\1\source\repos\PGE\Project1\main.cpp(4945,52): warning C4244: аргумент: преобразование "double" в "GLfloat", возможна потеря данных
C:\Users\1\source\repos\PGE\Project1\main.cpp(4945,35): warning C4244: аргумент: преобразование "double" в "GLfloat", возможна потеря данных
C:\Users\1\source\repos\PGE\Project1\main.cpp(4945,28): warning C4244: аргумент: преобразование "double" в "GLfloat", возможна потеря данных
C:\Users\1\source\repos\PGE\Project1\main.cpp(4946,60): warning C4244: аргумент: преобразование "double" в "GLfloat", возможна потеря данных
C:\Users\1\source\repos\PGE\Project1\main.cpp(4946,39): warning C4244: аргумент: преобразование "double" в "GLfloat", возможна потеря данных
C:\Users\1\source\repos\PGE\Project1\main.cpp(4946,28): warning C4244: аргумент: преобразование "double" в "GLfloat", возможна потеря данных
C:\Users\1\source\repos\PGE\Project1\main.cpp(4947,52): warning C4244: аргумент: преобразование "double" в "GLfloat", возможна потеря данных
C:\Users\1\source\repos\PGE\Project1\main.cpp(4947,35): warning C4244: аргумент: преобразование "double" в "GLfloat", возможна потеря данных
C:\Users\1\source\repos\PGE\Project1\main.cpp(4947,28): warning C4244: аргумент: преобразование "double" в "GLfloat", возможна потеря данных
C:\Users\1\source\repos\PGE\Project1\main.cpp(4948,60): warning C4244: аргумент: преобразование "double" в "GLfloat", возможна потеря данных
C:\Users\1\source\repos\PGE\Project1\main.cpp(4948,39): warning C4244: аргумент: преобразование "double" в "GLfloat", возможна потеря данных
C:\Users\1\source\repos\PGE\Project1\main.cpp(4948,28): warning C4244: аргумент: преобразование "double" в "GLfloat", возможна потеря данных
C:\Users\1\source\repos\PGE\Project1\main.cpp(4954,46): warning C4244: аргумент: преобразование "double" в "GLfloat", возможна потеря данных
C:\Users\1\source\repos\PGE\Project1\main.cpp(4954,31): warning C4244: аргумент: преобразование "double" в "GLfloat", возможна потеря данных
C:\Users\1\source\repos\PGE\Project1\main.cpp(4954,24): warning C4244: аргумент: преобразование "double" в "GLfloat", возможна потеря данных
C:\Users\1\source\repos\PGE\Project1\main.cpp(4955,54): warning C4244: аргумент: преобразование "double" в "GLfloat", возможна потеря данных
C:\Users\1\source\repos\PGE\Project1\main.cpp(4955,35): warning C4244: аргумент: преобразование "double" в "GLfloat", возможна потеря данных
C:\Users\1\source\repos\PGE\Project1\main.cpp(4955,24): warning C4244: аргумент: преобразование "double" в "GLfloat", возможна потеря данных
C:\Users\1\source\repos\PGE\Project1\main.cpp(4956,46): warning C4244: аргумент: преобразование "double" в "GLfloat", возможна потеря данных
C:\Users\1\source\repos\PGE\Project1\main.cpp(4956,31): warning C4244: аргумент: преобразование "double" в "GLfloat", возможна потеря данных
C:\Users\1\source\repos\PGE\Project1\main.cpp(4956,24): warning C4244: аргумент: преобразование "double" в "GLfloat", возможна потеря данных
C:\Users\1\source\repos\PGE\Project1\main.cpp(4957,54): warning C4244: аргумент: преобразование "double" в "GLfloat", возможна потеря данных
C:\Users\1\source\repos\PGE\Project1\main.cpp(4957,35): warning C4244: аргумент: преобразование "double" в "GLfloat", возможна потеря данных
C:\Users\1\source\repos\PGE\Project1\main.cpp(4957,24): warning C4244: аргумент: преобразование "double" в "GLfloat", возможна потеря данных
C:\Users\1\source\repos\PGE\Project1\main.cpp(4959,54): warning C4244: аргумент: преобразование "double" в "GLfloat", возможна потеря данных
C:\Users\1\source\repos\PGE\Project1\main.cpp(4959,35): warning C4244: аргумент: преобразование "double" в "GLfloat", возможна потеря данных
C:\Users\1\source\repos\PGE\Project1\main.cpp(4959,28): warning C4244: аргумент: преобразование "double" в "GLfloat", возможна потеря данных
C:\Users\1\source\repos\PGE\Project1\main.cpp(4960,62): warning C4244: аргумент: преобразование "double" в "GLfloat", возможна потеря данных
C:\Users\1\source\repos\PGE\Project1\main.cpp(4960,39): warning C4244: аргумент: преобразование "double" в "GLfloat", возможна потеря данных
C:\Users\1\source\repos\PGE\Project1\main.cpp(4960,28): warning C4244: аргумент: преобразование "double" в "GLfloat", возможна потеря данных
C:\Users\1\source\repos\PGE\Project1\main.cpp(4961,54): warning C4244: аргумент: преобразование "double" в "GLfloat", возможна потеря данных
C:\Users\1\source\repos\PGE\Project1\main.cpp(4961,35): warning C4244: аргумент: преобразование "double" в "GLfloat", возможна потеря данных
C:\Users\1\source\repos\PGE\Project1\main.cpp(4961,28): warning C4244: аргумент: преобразование "double" в "GLfloat", возможна потеря данных
C:\Users\1\source\repos\PGE\Project1\main.cpp(4962,62): warning C4244: аргумент: преобразование "double" в "GLfloat", возможна потеря данных
C:\Users\1\source\repos\PGE\Project1\main.cpp(4962,39): warning C4244: аргумент: преобразование "double" в "GLfloat", возможна потеря данных
C:\Users\1\source\repos\PGE\Project1\main.cpp(4962,28): warning C4244: аргумент: преобразование "double" в "GLfloat", возможна потеря данных
C:\Users\1\source\repos\PGE\Project1\main.cpp(4985,48): warning C4244: аргумент: преобразование "double" в "GLfloat", возможна потеря данных
C:\Users\1\source\repos\PGE\Project1\main.cpp(4985,35): warning C4244: аргумент: преобразование "double" в "GLfloat", возможна потеря данных
C:\Users\1\source\repos\PGE\Project1\main.cpp(4985,28): warning C4244: аргумент: преобразование "double" в "GLfloat", возможна потеря данных
C:\Users\1\source\repos\PGE\Project1\main.cpp(4986,56): warning C4244: аргумент: преобразование "double" в "GLfloat", возможна потеря данных
C:\Users\1\source\repos\PGE\Project1\main.cpp(4986,39): warning C4244: аргумент: преобразование "double" в "GLfloat", возможна потеря данных
C:\Users\1\source\repos\PGE\Project1\main.cpp(4986,28): warning C4244: аргумент: преобразование "double" в "GLfloat", возможна потеря данных
C:\Users\1\source\repos\PGE\Project1\main.cpp(4987,48): warning C4244: аргумент: преобразование "double" в "GLfloat", возможна потеря данных
C:\Users\1\source\repos\PGE\Project1\main.cpp(4987,35): warning C4244: аргумент: преобразование "double" в "GLfloat", возможна потеря данных
C:\Users\1\source\repos\PGE\Project1\main.cpp(4987,28): warning C4244: аргумент: преобразование "double" в "GLfloat", возможна потеря данных
C:\Users\1\source\repos\PGE\Project1\main.cpp(4988,56): warning C4244: аргумент: преобразование "double" в "GLfloat", возможна потеря данных
C:\Users\1\source\repos\PGE\Project1\main.cpp(4988,39): warning C4244: аргумент: преобразование "double" в "GLfloat", возможна потеря данных
C:\Users\1\source\repos\PGE\Project1\main.cpp(4988,32): warning C4244: аргумент: преобразование "double" в "GLfloat", возможна потеря данных
C:\Users\1\source\repos\PGE\Project1\main.cpp(4989,48): warning C4244: аргумент: преобразование "double" в "GLfloat", возможна потеря данных
C:\Users\1\source\repos\PGE\Project1\main.cpp(4989,35): warning C4244: аргумент: преобразование "double" в "GLfloat", возможна потеря данных
C:\Users\1\source\repos\PGE\Project1\main.cpp(4989,28): warning C4244: аргумент: преобразование "double" в "GLfloat", возможна потеря данных
C:\Users\1\source\repos\PGE\Project1\main.cpp(4990,56): warning C4244: аргумент: преобразование "double" в "GLfloat", возможна потеря данных
C:\Users\1\source\repos\PGE\Project1\main.cpp(4990,39): warning C4244: аргумент: преобразование "double" в "GLfloat", возможна потеря данных
C:\Users\1\source\repos\PGE\Project1\main.cpp(4990,28): warning C4244: аргумент: преобразование "double" в "GLfloat", возможна потеря данных
C:\Users\1\source\repos\PGE\Project1\main.cpp(4991,48): warning C4244: аргумент: преобразование "double" в "GLfloat", возможна потеря данных
C:\Users\1\source\repos\PGE\Project1\main.cpp(4991,35): warning C4244: аргумент: преобразование "double" в "GLfloat", возможна потеря данных
C:\Users\1\source\repos\PGE\Project1\main.cpp(4991,28): warning C4244: аргумент: преобразование "double" в "GLfloat", возможна потеря данных
C:\Users\1\source\repos\PGE\Project1\main.cpp(4992,56): warning C4244: аргумент: преобразование "double" в "GLfloat", возможна потеря данных
C:\Users\1\source\repos\PGE\Project1\main.cpp(4992,39): warning C4244: аргумент: преобразование "double" в "GLfloat", возможна потеря данных
C:\Users\1\source\repos\PGE\Project1\main.cpp(4992,32): warning C4244: аргумент: преобразование "double" в "GLfloat", возможна потеря данных
C:\Users\1\source\repos\PGE\Project1\main.cpp(4997,50): warning C4244: аргумент: преобразование "double" в "GLfloat", возможна потеря данных
C:\Users\1\source\repos\PGE\Project1\main.cpp(4997,35): warning C4244: аргумент: преобразование "double" в "GLfloat", возможна потеря данных
C:\Users\1\source\repos\PGE\Project1\main.cpp(4997,28): warning C4244: аргумент: преобразование "double" в "GLfloat", возможна потеря данных
C:\Users\1\source\repos\PGE\Project1\main.cpp(4998,58): warning C4244: аргумент: преобразование "double" в "GLfloat", возможна потеря данных
C:\Users\1\source\repos\PGE\Project1\main.cpp(4998,39): warning C4244: аргумент: преобразование "double" в "GLfloat", возможна потеря данных
C:\Users\1\source\repos\PGE\Project1\main.cpp(4998,28): warning C4244: аргумент: преобразование "double" в "GLfloat", возможна потеря данных
C:\Users\1\source\repos\PGE\Project1\main.cpp(4999,50): warning C4244: аргумент: преобразование "double" в "GLfloat", возможна потеря данных
C:\Users\1\source\repos\PGE\Project1\main.cpp(4999,35): warning C4244: аргумент: преобразование "double" в "GLfloat", возможна потеря данных
C:\Users\1\source\repos\PGE\Project1\main.cpp(4999,28): warning C4244: аргумент: преобразование "double" в "GLfloat", возможна потеря данных
C:\Users\1\source\repos\PGE\Project1\main.cpp(5000,58): warning C4244: аргумент: преобразование "double" в "GLfloat", возможна потеря данных
C:\Users\1\source\repos\PGE\Project1\main.cpp(5000,39): warning C4244: аргумент: преобразование "double" в "GLfloat", возможна потеря данных
C:\Users\1\source\repos\PGE\Project1\main.cpp(5000,32): warning C4244: аргумент: преобразование "double" в "GLfloat", возможна потеря данных
C:\Users\1\source\repos\PGE\Project1\main.cpp(5002,50): warning C4244: аргумент: преобразование "double" в "GLfloat", возможна потеря данных
C:\Users\1\source\repos\PGE\Project1\main.cpp(5002,35): warning C4244: аргумент: преобразование "double" в "GLfloat", возможна потеря данных
C:\Users\1\source\repos\PGE\Project1\main.cpp(5002,28): warning C4244: аргумент: преобразование "double" в "GLfloat", возможна потеря данных
C:\Users\1\source\repos\PGE\Project1\main.cpp(5003,58): warning C4244: аргумент: преобразование "double" в "GLfloat", возможна потеря данных
C:\Users\1\source\repos\PGE\Project1\main.cpp(5003,39): warning C4244: аргумент: преобразование "double" в "GLfloat", возможна потеря данных
C:\Users\1\source\repos\PGE\Project1\main.cpp(5003,28): warning C4244: аргумент: преобразование "double" в "GLfloat", возможна потеря данных
C:\Users\1\source\repos\PGE\Project1\main.cpp(5004,50): warning C4244: аргумент: преобразование "double" в "GLfloat", возможна потеря данных
C:\Users\1\source\repos\PGE\Project1\main.cpp(5004,35): warning C4244: аргумент: преобразование "double" в "GLfloat", возможна потеря данных
C:\Users\1\source\repos\PGE\Project1\main.cpp(5004,28): warning C4244: аргумент: преобразование "double" в "GLfloat", возможна потеря данных
C:\Users\1\source\repos\PGE\Project1\main.cpp(5005,58): warning C4244: аргумент: преобразование "double" в "GLfloat", возможна потеря данных
C:\Users\1\source\repos\PGE\Project1\main.cpp(5005,39): warning C4244: аргумент: преобразование "double" в "GLfloat", возможна потеря данных
C:\Users\1\source\repos\PGE\Project1\main.cpp(5005,32): warning C4244: аргумент: преобразование "double" в "GLfloat", возможна потеря данных
C:\Users\1\source\repos\PGE\Project1\main.cpp(5013,44): warning C4244: аргумент: преобразование "double" в "GLfloat", возможна потеря данных
C:\Users\1\source\repos\PGE\Project1\main.cpp(5013,31): warning C4244: аргумент: преобразование "double" в "GLfloat", возможна потеря данных
C:\Users\1\source\repos\PGE\Project1\main.cpp(5013,24): warning C4244: аргумент: преобразование "double" в "GLfloat", возможна потеря данных
C:\Users\1\source\repos\PGE\Project1\main.cpp(5014,52): warning C4244: аргумент: преобразование "double" в "GLfloat", возможна потеря данных
C:\Users\1\source\repos\PGE\Project1\main.cpp(5014,35): warning C4244: аргумент: преобразование "double" в "GLfloat", возможна потеря данных
C:\Users\1\source\repos\PGE\Project1\main.cpp(5014,28): warning C4244: аргумент: преобразование "double" в "GLfloat", возможна потеря данных
C:\Users\1\source\repos\PGE\Project1\main.cpp(5015,44): warning C4244: аргумент: преобразование "double" в "GLfloat", возможна потеря данных
C:\Users\1\source\repos\PGE\Project1\main.cpp(5015,31): warning C4244: аргумент: преобразование "double" в "GLfloat", возможна потеря данных
C:\Users\1\source\repos\PGE\Project1\main.cpp(5015,24): warning C4244: аргумент: преобразование "double" в "GLfloat", возможна потеря данных
C:\Users\1\source\repos\PGE\Project1\main.cpp(5016,52): warning C4244: аргумент: преобразование "double" в "GLfloat", возможна потеря данных
C:\Users\1\source\repos\PGE\Project1\main.cpp(5016,35): warning C4244: аргумент: преобразование "double" в "GLfloat", возможна потеря данных
C:\Users\1\source\repos\PGE\Project1\main.cpp(5016,28): warning C4244: аргумент: преобразование "double" в "GLfloat", возможна потеря данных
C:\Users\1\source\repos\PGE\Project1\main.cpp(5017,52): warning C4244: аргумент: преобразование "double" в "GLfloat", возможна потеря данных
C:\Users\1\source\repos\PGE\Project1\main.cpp(5017,35): warning C4244: аргумент: преобразование "double" в "GLfloat", возможна потеря данных
C:\Users\1\source\repos\PGE\Project1\main.cpp(5017,24): warning C4244: аргумент: преобразование "double" в "GLfloat", возможна потеря данных
C:\Users\1\source\repos\PGE\Project1\main.cpp(5018,60): warning C4244: аргумент: преобразование "double" в "GLfloat", возможна потеря данных
C:\Users\1\source\repos\PGE\Project1\main.cpp(5018,39): warning C4244: аргумент: преобразование "double" в "GLfloat", возможна потеря данных
C:\Users\1\source\repos\PGE\Project1\main.cpp(5018,28): warning C4244: аргумент: преобразование "double" в "GLfloat", возможна потеря данных
C:\Users\1\source\repos\PGE\Project1\main.cpp(5019,52): warning C4244: аргумент: преобразование "double" в "GLfloat", возможна потеря данных
C:\Users\1\source\repos\PGE\Project1\main.cpp(5019,35): warning C4244: аргумент: преобразование "double" в "GLfloat", возможна потеря данных
C:\Users\1\source\repos\PGE\Project1\main.cpp(5019,24): warning C4244: аргумент: преобразование "double" в "GLfloat", возможна потеря данных
C:\Users\1\source\repos\PGE\Project1\main.cpp(5020,60): warning C4244: аргумент: преобразование "double" в "GLfloat", возможна потеря данных
C:\Users\1\source\repos\PGE\Project1\main.cpp(5020,39): warning C4244: аргумент: преобразование "double" в "GLfloat", возможна потеря данных
C:\Users\1\source\repos\PGE\Project1\main.cpp(5020,28): warning C4244: аргумент: преобразование "double" в "GLfloat", возможна потеря данных
C:\Users\1\source\repos\PGE\Project1\main.cpp(5025,46): warning C4244: аргумент: преобразование "double" в "GLfloat", возможна потеря данных
C:\Users\1\source\repos\PGE\Project1\main.cpp(5025,31): warning C4244: аргумент: преобразование "double" в "GLfloat", возможна потеря данных
C:\Users\1\source\repos\PGE\Project1\main.cpp(5025,24): warning C4244: аргумент: преобразование "double" в "GLfloat", возможна потеря данных
C:\Users\1\source\repos\PGE\Project1\main.cpp(5026,54): warning C4244: аргумент: преобразование "double" в "GLfloat", возможна потеря данных
C:\Users\1\source\repos\PGE\Project1\main.cpp(5026,35): warning C4244: аргумент: преобразование "double" в "GLfloat", возможна потеря данных
C:\Users\1\source\repos\PGE\Project1\main.cpp(5026,28): warning C4244: аргумент: преобразование "double" в "GLfloat", возможна потеря данных
C:\Users\1\source\repos\PGE\Project1\main.cpp(5027,46): warning C4244: аргумент: преобразование "double" в "GLfloat", возможна потеря данных
C:\Users\1\source\repos\PGE\Project1\main.cpp(5027,31): warning C4244: аргумент: преобразование "double" в "GLfloat", возможна потеря данных
C:\Users\1\source\repos\PGE\Project1\main.cpp(5027,24): warning C4244: аргумент: преобразование "double" в "GLfloat", возможна потеря данных
C:\Users\1\source\repos\PGE\Project1\main.cpp(5028,54): warning C4244: аргумент: преобразование "double" в "GLfloat", возможна потеря данных
C:\Users\1\source\repos\PGE\Project1\main.cpp(5028,35): warning C4244: аргумент: преобразование "double" в "GLfloat", возможна потеря данных
C:\Users\1\source\repos\PGE\Project1\main.cpp(5028,28): warning C4244: аргумент: преобразование "double" в "GLfloat", возможна потеря данных
C:\Users\1\source\repos\PGE\Project1\main.cpp(5030,54): warning C4244: аргумент: преобразование "double" в "GLfloat", возможна потеря данных
C:\Users\1\source\repos\PGE\Project1\main.cpp(5030,35): warning C4244: аргумент: преобразование "double" в "GLfloat", возможна потеря данных
C:\Users\1\source\repos\PGE\Project1\main.cpp(5030,24): warning C4244: аргумент: преобразование "double" в "GLfloat", возможна потеря данных
C:\Users\1\source\repos\PGE\Project1\main.cpp(5031,62): warning C4244: аргумент: преобразование "double" в "GLfloat", возможна потеря данных
C:\Users\1\source\repos\PGE\Project1\main.cpp(5031,39): warning C4244: аргумент: преобразование "double" в "GLfloat", возможна потеря данных
C:\Users\1\source\repos\PGE\Project1\main.cpp(5031,28): warning C4244: аргумент: преобразование "double" в "GLfloat", возможна потеря данных
C:\Users\1\source\repos\PGE\Project1\main.cpp(5032,54): warning C4244: аргумент: преобразование "double" в "GLfloat", возможна потеря данных
C:\Users\1\source\repos\PGE\Project1\main.cpp(5032,35): warning C4244: аргумент: преобразование "double" в "GLfloat", возможна потеря данных
C:\Users\1\source\repos\PGE\Project1\main.cpp(5032,24): warning C4244: аргумент: преобразование "double" в "GLfloat", возможна потеря данных
C:\Users\1\source\repos\PGE\Project1\main.cpp(5033,62): warning C4244: аргумент: преобразование "double" в "GLfloat", возможна потеря данных
C:\Users\1\source\repos\PGE\Project1\main.cpp(5033,39): warning C4244: аргумент: преобразование "double" в "GLfloat", возможна потеря данных
C:\Users\1\source\repos\PGE\Project1\main.cpp(5033,28): warning C4244: аргумент: преобразование "double" в "GLfloat", возможна потеря данных
C:\Users\1\source\repos\PGE\Project1\main.cpp(5041,44): warning C4244: аргумент: преобразование "double" в "GLfloat", возможна потеря данных
C:\Users\1\source\repos\PGE\Project1\main.cpp(5041,31): warning C4244: аргумент: преобразование "double" в "GLfloat", возможна потеря данных
C:\Users\1\source\repos\PGE\Project1\main.cpp(5041,24): warning C4244: аргумент: преобразование "double" в "GLfloat", возможна потеря данных
C:\Users\1\source\repos\PGE\Project1\main.cpp(5042,52): warning C4244: аргумент: преобразование "double" в "GLfloat", возможна потеря данных
C:\Users\1\source\repos\PGE\Project1\main.cpp(5042,35): warning C4244: аргумент: преобразование "double" в "GLfloat", возможна потеря данных
C:\Users\1\source\repos\PGE\Project1\main.cpp(5042,24): warning C4244: аргумент: преобразование "double" в "GLfloat", возможна потеря данных
C:\Users\1\source\repos\PGE\Project1\main.cpp(5043,44): warning C4244: аргумент: преобразование "double" в "GLfloat", возможна потеря данных
C:\Users\1\source\repos\PGE\Project1\main.cpp(5043,31): warning C4244: аргумент: преобразование "double" в "GLfloat", возможна потеря данных
C:\Users\1\source\repos\PGE\Project1\main.cpp(5043,24): warning C4244: аргумент: преобразование "double" в "GLfloat", возможна потеря данных
C:\Users\1\source\repos\PGE\Project1\main.cpp(5044,52): warning C4244: аргумент: преобразование "double" в "GLfloat", возможна потеря данных
C:\Users\1\source\repos\PGE\Project1\main.cpp(5044,35): warning C4244: аргумент: преобразование "double" в "GLfloat", возможна потеря данных
C:\Users\1\source\repos\PGE\Project1\main.cpp(5044,24): warning C4244: аргумент: преобразование "double" в "GLfloat", возможна потеря данных
C:\Users\1\source\repos\PGE\Project1\main.cpp(5045,52): warning C4244: аргумент: преобразование "double" в "GLfloat", возможна потеря данных
C:\Users\1\source\repos\PGE\Project1\main.cpp(5045,35): warning C4244: аргумент: преобразование "double" в "GLfloat", возможна потеря данных
C:\Users\1\source\repos\PGE\Project1\main.cpp(5045,28): warning C4244: аргумент: преобразование "double" в "GLfloat", возможна потеря данных
C:\Users\1\source\repos\PGE\Project1\main.cpp(5046,60): warning C4244: аргумент: преобразование "double" в "GLfloat", возможна потеря данных
C:\Users\1\source\repos\PGE\Project1\main.cpp(5046,39): warning C4244: аргумент: преобразование "double" в "GLfloat", возможна потеря данных
C:\Users\1\source\repos\PGE\Project1\main.cpp(5046,28): warning C4244: аргумент: преобразование "double" в "GLfloat", возможна потеря данных
C:\Users\1\source\repos\PGE\Project1\main.cpp(5047,52): warning C4244: аргумент: преобразование "double" в "GLfloat", возможна потеря данных
C:\Users\1\source\repos\PGE\Project1\main.cpp(5047,35): warning C4244: аргумент: преобразование "double" в "GLfloat", возможна потеря данных
C:\Users\1\source\repos\PGE\Project1\main.cpp(5047,28): warning C4244: аргумент: преобразование "double" в "GLfloat", возможна потеря данных
C:\Users\1\source\repos\PGE\Project1\main.cpp(5048,60): warning C4244: аргумент: преобразование "double" в "GLfloat", возможна потеря данных
C:\Users\1\source\repos\PGE\Project1\main.cpp(5048,39): warning C4244: аргумент: преобразование "double" в "GLfloat", возможна потеря данных
C:\Users\1\source\repos\PGE\Project1\main.cpp(5048,28): warning C4244: аргумент: преобразование "double" в "GLfloat", возможна потеря данных
C:\Users\1\source\repos\PGE\Project1\main.cpp(5054,46): warning C4244: аргумент: преобразование "double" в "GLfloat", возможна потеря данных
C:\Users\1\source\repos\PGE\Project1\main.cpp(5054,31): warning C4244: аргумент: преобразование "double" в "GLfloat", возможна потеря данных
C:\Users\1\source\repos\PGE\Project1\main.cpp(5054,24): warning C4244: аргумент: преобразование "double" в "GLfloat", возможна потеря данных
C:\Users\1\source\repos\PGE\Project1\main.cpp(5055,54): warning C4244: аргумент: преобразование "double" в "GLfloat", возможна потеря данных
C:\Users\1\source\repos\PGE\Project1\main.cpp(5055,35): warning C4244: аргумент: преобразование "double" в "GLfloat", возможна потеря данных
C:\Users\1\source\repos\PGE\Project1\main.cpp(5055,24): warning C4244: аргумент: преобразование "double" в "GLfloat", возможна потеря данных
C:\Users\1\source\repos\PGE\Project1\main.cpp(5056,46): warning C4244: аргумент: преобразование "double" в "GLfloat", возможна потеря данных
C:\Users\1\source\repos\PGE\Project1\main.cpp(5056,31): warning C4244: аргумент: преобразование "double" в "GLfloat", возможна потеря данных
C:\Users\1\source\repos\PGE\Project1\main.cpp(5056,24): warning C4244: аргумент: преобразование "double" в "GLfloat", возможна потеря данных
C:\Users\1\source\repos\PGE\Project1\main.cpp(5057,54): warning C4244: аргумент: преобразование "double" в "GLfloat", возможна потеря данных
C:\Users\1\source\repos\PGE\Project1\main.cpp(5057,35): warning C4244: аргумент: преобразование "double" в "GLfloat", возможна потеря данных
C:\Users\1\source\repos\PGE\Project1\main.cpp(5057,24): warning C4244: аргумент: преобразование "double" в "GLfloat", возможна потеря данных
C:\Users\1\source\repos\PGE\Project1\main.cpp(5059,54): warning C4244: аргумент: преобразование "double" в "GLfloat", возможна потеря данных
C:\Users\1\source\repos\PGE\Project1\main.cpp(5059,35): warning C4244: аргумент: преобразование "double" в "GLfloat", возможна потеря данных
C:\Users\1\source\repos\PGE\Project1\main.cpp(5059,28): warning C4244: аргумент: преобразование "double" в "GLfloat", возможна потеря данных
C:\Users\1\source\repos\PGE\Project1\main.cpp(5060,62): warning C4244: аргумент: преобразование "double" в "GLfloat", возможна потеря данных
C:\Users\1\source\repos\PGE\Project1\main.cpp(5060,39): warning C4244: аргумент: преобразование "double" в "GLfloat", возможна потеря данных
C:\Users\1\source\repos\PGE\Project1\main.cpp(5060,28): warning C4244: аргумент: преобразование "double" в "GLfloat", возможна потеря данных
C:\Users\1\source\repos\PGE\Project1\main.cpp(5061,54): warning C4244: аргумент: преобразование "double" в "GLfloat", возможна потеря данных
C:\Users\1\source\repos\PGE\Project1\main.cpp(5061,35): warning C4244: аргумент: преобразование "double" в "GLfloat", возможна потеря данных
C:\Users\1\source\repos\PGE\Project1\main.cpp(5061,28): warning C4244: аргумент: преобразование "double" в "GLfloat", возможна потеря данных
C:\Users\1\source\repos\PGE\Project1\main.cpp(5062,62): warning C4244: аргумент: преобразование "double" в "GLfloat", возможна потеря данных
C:\Users\1\source\repos\PGE\Project1\main.cpp(5062,39): warning C4244: аргумент: преобразование "double" в "GLfloat", возможна потеря данных
C:\Users\1\source\repos\PGE\Project1\main.cpp(5062,28): warning C4244: аргумент: преобразование "double" в "GLfloat", возможна потеря данных
C:\Users\1\source\repos\PGE\Project1\main.cpp(5085,51): warning C4244: аргумент: преобразование "double" в "GLfloat", возможна потеря данных
C:\Users\1\source\repos\PGE\Project1\main.cpp(5085,35): warning C4244: аргумент: преобразование "double" в "GLfloat", возможна потеря данных
C:\Users\1\source\repos\PGE\Project1\main.cpp(5085,28): warning C4244: аргумент: преобразование "double" в "GLfloat", возможна потеря данных
C:\Users\1\source\repos\PGE\Project1\main.cpp(5086,56): warning C4244: аргумент: преобразование "double" в "GLfloat", возможна потеря данных
C:\Users\1\source\repos\PGE\Project1\main.cpp(5086,39): warning C4244: аргумент: преобразование "double" в "GLfloat", возможна потеря данных
C:\Users\1\source\repos\PGE\Project1\main.cpp(5086,28): warning C4244: аргумент: преобразование "double" в "GLfloat", возможна потеря данных
C:\Users\1\source\repos\PGE\Project1\main.cpp(5087,48): warning C4244: аргумент: преобразование "double" в "GLfloat", возможна потеря данных
C:\Users\1\source\repos\PGE\Project1\main.cpp(5087,35): warning C4244: аргумент: преобразование "double" в "GLfloat", возможна потеря данных
C:\Users\1\source\repos\PGE\Project1\main.cpp(5087,28): warning C4244: аргумент: преобразование "double" в "GLfloat", возможна потеря данных
C:\Users\1\source\repos\PGE\Project1\main.cpp(5088,56): warning C4244: аргумент: преобразование "double" в "GLfloat", возможна потеря данных
C:\Users\1\source\repos\PGE\Project1\main.cpp(5088,39): warning C4244: аргумент: преобразование "double" в "GLfloat", возможна потеря данных
C:\Users\1\source\repos\PGE\Project1\main.cpp(5088,32): warning C4244: аргумент: преобразование "double" в "GLfloat", возможна потеря данных
C:\Users\1\source\repos\PGE\Project1\main.cpp(5089,48): warning C4244: аргумент: преобразование "double" в "GLfloat", возможна потеря данных
C:\Users\1\source\repos\PGE\Project1\main.cpp(5089,35): warning C4244: аргумент: преобразование "double" в "GLfloat", возможна потеря данных
C:\Users\1\source\repos\PGE\Project1\main.cpp(5089,28): warning C4244: аргумент: преобразование "double" в "GLfloat", возможна потеря данных
C:\Users\1\source\repos\PGE\Project1\main.cpp(5090,56): warning C4244: аргумент: преобразование "double" в "GLfloat", возможна потеря данных
C:\Users\1\source\repos\PGE\Project1\main.cpp(5090,39): warning C4244: аргумент: преобразование "double" в "GLfloat", возможна потеря данных
C:\Users\1\source\repos\PGE\Project1\main.cpp(5090,28): warning C4244: аргумент: преобразование "double" в "GLfloat", возможна потеря данных
C:\Users\1\source\repos\PGE\Project1\main.cpp(5091,48): warning C4244: аргумент: преобразование "double" в "GLfloat", возможна потеря данных
C:\Users\1\source\repos\PGE\Project1\main.cpp(5091,35): warning C4244: аргумент: преобразование "double" в "GLfloat", возможна потеря данных
C:\Users\1\source\repos\PGE\Project1\main.cpp(5091,28): warning C4244: аргумент: преобразование "double" в "GLfloat", возможна потеря данных
C:\Users\1\source\repos\PGE\Project1\main.cpp(5092,56): warning C4244: аргумент: преобразование "double" в "GLfloat", возможна потеря данных
C:\Users\1\source\repos\PGE\Project1\main.cpp(5092,39): warning C4244: аргумент: преобразование "double" в "GLfloat", возможна потеря данных
C:\Users\1\source\repos\PGE\Project1\main.cpp(5092,32): warning C4244: аргумент: преобразование "double" в "GLfloat", возможна потеря данных
C:\Users\1\source\repos\PGE\Project1\main.cpp(5097,50): warning C4244: аргумент: преобразование "double" в "GLfloat", возможна потеря данных
C:\Users\1\source\repos\PGE\Project1\main.cpp(5097,35): warning C4244: аргумент: преобразование "double" в "GLfloat", возможна потеря данных
C:\Users\1\source\repos\PGE\Project1\main.cpp(5097,28): warning C4244: аргумент: преобразование "double" в "GLfloat", возможна потеря данных
C:\Users\1\source\repos\PGE\Project1\main.cpp(5098,58): warning C4244: аргумент: преобразование "double" в "GLfloat", возможна потеря данных
C:\Users\1\source\repos\PGE\Project1\main.cpp(5098,39): warning C4244: аргумент: преобразование "double" в "GLfloat", возможна потеря данных
C:\Users\1\source\repos\PGE\Project1\main.cpp(5098,28): warning C4244: аргумент: преобразование "double" в "GLfloat", возможна потеря данных
C:\Users\1\source\repos\PGE\Project1\main.cpp(5099,50): warning C4244: аргумент: преобразование "double" в "GLfloat", возможна потеря данных
C:\Users\1\source\repos\PGE\Project1\main.cpp(5099,35): warning C4244: аргумент: преобразование "double" в "GLfloat", возможна потеря данных
C:\Users\1\source\repos\PGE\Project1\main.cpp(5099,28): warning C4244: аргумент: преобразование "double" в "GLfloat", возможна потеря данных
C:\Users\1\source\repos\PGE\Project1\main.cpp(5100,58): warning C4244: аргумент: преобразование "double" в "GLfloat", возможна потеря данных
C:\Users\1\source\repos\PGE\Project1\main.cpp(5100,39): warning C4244: аргумент: преобразование "double" в "GLfloat", возможна потеря данных
C:\Users\1\source\repos\PGE\Project1\main.cpp(5100,32): warning C4244: аргумент: преобразование "double" в "GLfloat", возможна потеря данных
C:\Users\1\source\repos\PGE\Project1\main.cpp(5102,50): warning C4244: аргумент: преобразование "double" в "GLfloat", возможна потеря данных
C:\Users\1\source\repos\PGE\Project1\main.cpp(5102,35): warning C4244: аргумент: преобразование "double" в "GLfloat", возможна потеря данных
C:\Users\1\source\repos\PGE\Project1\main.cpp(5102,28): warning C4244: аргумент: преобразование "double" в "GLfloat", возможна потеря данных
C:\Users\1\source\repos\PGE\Project1\main.cpp(5103,58): warning C4244: аргумент: преобразование "double" в "GLfloat", возможна потеря данных
C:\Users\1\source\repos\PGE\Project1\main.cpp(5103,39): warning C4244: аргумент: преобразование "double" в "GLfloat", возможна потеря данных
C:\Users\1\source\repos\PGE\Project1\main.cpp(5103,28): warning C4244: аргумент: преобразование "double" в "GLfloat", возможна потеря данных
C:\Users\1\source\repos\PGE\Project1\main.cpp(5104,50): warning C4244: аргумент: преобразование "double" в "GLfloat", возможна потеря данных
C:\Users\1\source\repos\PGE\Project1\main.cpp(5104,35): warning C4244: аргумент: преобразование "double" в "GLfloat", возможна потеря данных
C:\Users\1\source\repos\PGE\Project1\main.cpp(5104,28): warning C4244: аргумент: преобразование "double" в "GLfloat", возможна потеря данных
C:\Users\1\source\repos\PGE\Project1\main.cpp(5105,58): warning C4244: аргумент: преобразование "double" в "GLfloat", возможна потеря данных
C:\Users\1\source\repos\PGE\Project1\main.cpp(5105,39): warning C4244: аргумент: преобразование "double" в "GLfloat", возможна потеря данных
C:\Users\1\source\repos\PGE\Project1\main.cpp(5105,32): warning C4244: аргумент: преобразование "double" в "GLfloat", возможна потеря данных
C:\Users\1\source\repos\PGE\Project1\main.cpp(5113,44): warning C4244: аргумент: преобразование "double" в "GLfloat", возможна потеря данных
C:\Users\1\source\repos\PGE\Project1\main.cpp(5113,31): warning C4244: аргумент: преобразование "double" в "GLfloat", возможна потеря данных
C:\Users\1\source\repos\PGE\Project1\main.cpp(5113,24): warning C4244: аргумент: преобразование "double" в "GLfloat", возможна потеря данных
C:\Users\1\source\repos\PGE\Project1\main.cpp(5114,52): warning C4244: аргумент: преобразование "double" в "GLfloat", возможна потеря данных
C:\Users\1\source\repos\PGE\Project1\main.cpp(5114,35): warning C4244: аргумент: преобразование "double" в "GLfloat", возможна потеря данных
C:\Users\1\source\repos\PGE\Project1\main.cpp(5114,28): warning C4244: аргумент: преобразование "double" в "GLfloat", возможна потеря данных
C:\Users\1\source\repos\PGE\Project1\main.cpp(5115,44): warning C4244: аргумент: преобразование "double" в "GLfloat", возможна потеря данных
C:\Users\1\source\repos\PGE\Project1\main.cpp(5115,31): warning C4244: аргумент: преобразование "double" в "GLfloat", возможна потеря данных
C:\Users\1\source\repos\PGE\Project1\main.cpp(5115,24): warning C4244: аргумент: преобразование "double" в "GLfloat", возможна потеря данных
C:\Users\1\source\repos\PGE\Project1\main.cpp(5116,52): warning C4244: аргумент: преобразование "double" в "GLfloat", возможна потеря данных
C:\Users\1\source\repos\PGE\Project1\main.cpp(5116,35): warning C4244: аргумент: преобразование "double" в "GLfloat", возможна потеря данных
C:\Users\1\source\repos\PGE\Project1\main.cpp(5116,28): warning C4244: аргумент: преобразование "double" в "GLfloat", возможна потеря данных
C:\Users\1\source\repos\PGE\Project1\main.cpp(5118,52): warning C4244: аргумент: преобразование "double" в "GLfloat", возможна потеря данных
C:\Users\1\source\repos\PGE\Project1\main.cpp(5118,35): warning C4244: аргумент: преобразование "double" в "GLfloat", возможна потеря данных
C:\Users\1\source\repos\PGE\Project1\main.cpp(5118,24): warning C4244: аргумент: преобразование "double" в "GLfloat", возможна потеря данных
C:\Users\1\source\repos\PGE\Project1\main.cpp(5119,60): warning C4244: аргумент: преобразование "double" в "GLfloat", возможна потеря данных
C:\Users\1\source\repos\PGE\Project1\main.cpp(5119,39): warning C4244: аргумент: преобразование "double" в "GLfloat", возможна потеря данных
C:\Users\1\source\repos\PGE\Project1\main.cpp(5119,28): warning C4244: аргумент: преобразование "double" в "GLfloat", возможна потеря данных
C:\Users\1\source\repos\PGE\Project1\main.cpp(5120,52): warning C4244: аргумент: преобразование "double" в "GLfloat", возможна потеря данных
C:\Users\1\source\repos\PGE\Project1\main.cpp(5120,35): warning C4244: аргумент: преобразование "double" в "GLfloat", возможна потеря данных
C:\Users\1\source\repos\PGE\Project1\main.cpp(5120,24): warning C4244: аргумент: преобразование "double" в "GLfloat", возможна потеря данных
C:\Users\1\source\repos\PGE\Project1\main.cpp(5121,60): warning C4244: аргумент: преобразование "double" в "GLfloat", возможна потеря данных
C:\Users\1\source\repos\PGE\Project1\main.cpp(5121,39): warning C4244: аргумент: преобразование "double" в "GLfloat", возможна потеря данных
C:\Users\1\source\repos\PGE\Project1\main.cpp(5121,28): warning C4244: аргумент: преобразование "double" в "GLfloat", возможна потеря данных
C:\Users\1\source\repos\PGE\Project1\main.cpp(5126,46): warning C4244: аргумент: преобразование "double" в "GLfloat", возможна потеря данных
C:\Users\1\source\repos\PGE\Project1\main.cpp(5126,31): warning C4244: аргумент: преобразование "double" в "GLfloat", возможна потеря данных
C:\Users\1\source\repos\PGE\Project1\main.cpp(5126,24): warning C4244: аргумент: преобразование "double" в "GLfloat", возможна потеря данных
C:\Users\1\source\repos\PGE\Project1\main.cpp(5127,54): warning C4244: аргумент: преобразование "double" в "GLfloat", возможна потеря данных
C:\Users\1\source\repos\PGE\Project1\main.cpp(5127,35): warning C4244: аргумент: преобразование "double" в "GLfloat", возможна потеря данных
C:\Users\1\source\repos\PGE\Project1\main.cpp(5127,28): warning C4244: аргумент: преобразование "double" в "GLfloat", возможна потеря данных
C:\Users\1\source\repos\PGE\Project1\main.cpp(5128,46): warning C4244: аргумент: преобразование "double" в "GLfloat", возможна потеря данных
C:\Users\1\source\repos\PGE\Project1\main.cpp(5128,31): warning C4244: аргумент: преобразование "double" в "GLfloat", возможна потеря данных
C:\Users\1\source\repos\PGE\Project1\main.cpp(5128,24): warning C4244: аргумент: преобразование "double" в "GLfloat", возможна потеря данных
C:\Users\1\source\repos\PGE\Project1\main.cpp(5129,54): warning C4244: аргумент: преобразование "double" в "GLfloat", возможна потеря данных
C:\Users\1\source\repos\PGE\Project1\main.cpp(5129,35): warning C4244: аргумент: преобразование "double" в "GLfloat", возможна потеря данных
C:\Users\1\source\repos\PGE\Project1\main.cpp(5129,28): warning C4244: аргумент: преобразование "double" в "GLfloat", возможна потеря данных
C:\Users\1\source\repos\PGE\Project1\main.cpp(5131,54): warning C4244: аргумент: преобразование "double" в "GLfloat", возможна потеря данных
C:\Users\1\source\repos\PGE\Project1\main.cpp(5131,35): warning C4244: аргумент: преобразование "double" в "GLfloat", возможна потеря данных
C:\Users\1\source\repos\PGE\Project1\main.cpp(5131,24): warning C4244: аргумент: преобразование "double" в "GLfloat", возможна потеря данных
C:\Users\1\source\repos\PGE\Project1\main.cpp(5132,62): warning C4244: аргумент: преобразование "double" в "GLfloat", возможна потеря данных
C:\Users\1\source\repos\PGE\Project1\main.cpp(5132,39): warning C4244: аргумент: преобразование "double" в "GLfloat", возможна потеря данных
C:\Users\1\source\repos\PGE\Project1\main.cpp(5132,28): warning C4244: аргумент: преобразование "double" в "GLfloat", возможна потеря данных
C:\Users\1\source\repos\PGE\Project1\main.cpp(5133,54): warning C4244: аргумент: преобразование "double" в "GLfloat", возможна потеря данных
C:\Users\1\source\repos\PGE\Project1\main.cpp(5133,35): warning C4244: аргумент: преобразование "double" в "GLfloat", возможна потеря данных
C:\Users\1\source\repos\PGE\Project1\main.cpp(5133,24): warning C4244: аргумент: преобразование "double" в "GLfloat", возможна потеря данных
C:\Users\1\source\repos\PGE\Project1\main.cpp(5134,62): warning C4244: аргумент: преобразование "double" в "GLfloat", возможна потеря данных
C:\Users\1\source\repos\PGE\Project1\main.cpp(5134,39): warning C4244: аргумент: преобразование "double" в "GLfloat", возможна потеря данных
C:\Users\1\source\repos\PGE\Project1\main.cpp(5134,28): warning C4244: аргумент: преобразование "double" в "GLfloat", возможна потеря данных
C:\Users\1\source\repos\PGE\Project1\main.cpp(5142,44): warning C4244: аргумент: преобразование "double" в "GLfloat", возможна потеря данных
C:\Users\1\source\repos\PGE\Project1\main.cpp(5142,31): warning C4244: аргумент: преобразование "double" в "GLfloat", возможна потеря данных
C:\Users\1\source\repos\PGE\Project1\main.cpp(5142,24): warning C4244: аргумент: преобразование "double" в "GLfloat", возможна потеря данных
C:\Users\1\source\repos\PGE\Project1\main.cpp(5143,52): warning C4244: аргумент: преобразование "double" в "GLfloat", возможна потеря данных
C:\Users\1\source\repos\PGE\Project1\main.cpp(5143,35): warning C4244: аргумент: преобразование "double" в "GLfloat", возможна потеря данных
C:\Users\1\source\repos\PGE\Project1\main.cpp(5143,24): warning C4244: аргумент: преобразование "double" в "GLfloat", возможна потеря данных
C:\Users\1\source\repos\PGE\Project1\main.cpp(5144,44): warning C4244: аргумент: преобразование "double" в "GLfloat", возможна потеря данных
C:\Users\1\source\repos\PGE\Project1\main.cpp(5144,31): warning C4244: аргумент: преобразование "double" в "GLfloat", возможна потеря данных
C:\Users\1\source\repos\PGE\Project1\main.cpp(5144,24): warning C4244: аргумент: преобразование "double" в "GLfloat", возможна потеря данных
C:\Users\1\source\repos\PGE\Project1\main.cpp(5145,52): warning C4244: аргумент: преобразование "double" в "GLfloat", возможна потеря данных
C:\Users\1\source\repos\PGE\Project1\main.cpp(5145,35): warning C4244: аргумент: преобразование "double" в "GLfloat", возможна потеря данных
C:\Users\1\source\repos\PGE\Project1\main.cpp(5145,24): warning C4244: аргумент: преобразование "double" в "GLfloat", возможна потеря данных
C:\Users\1\source\repos\PGE\Project1\main.cpp(5146,52): warning C4244: аргумент: преобразование "double" в "GLfloat", возможна потеря данных
C:\Users\1\source\repos\PGE\Project1\main.cpp(5146,35): warning C4244: аргумент: преобразование "double" в "GLfloat", возможна потеря данных
C:\Users\1\source\repos\PGE\Project1\main.cpp(5146,28): warning C4244: аргумент: преобразование "double" в "GLfloat", возможна потеря данных
C:\Users\1\source\repos\PGE\Project1\main.cpp(5147,60): warning C4244: аргумент: преобразование "double" в "GLfloat", возможна потеря данных
C:\Users\1\source\repos\PGE\Project1\main.cpp(5147,39): warning C4244: аргумент: преобразование "double" в "GLfloat", возможна потеря данных
C:\Users\1\source\repos\PGE\Project1\main.cpp(5147,28): warning C4244: аргумент: преобразование "double" в "GLfloat", возможна потеря данных
C:\Users\1\source\repos\PGE\Project1\main.cpp(5148,52): warning C4244: аргумент: преобразование "double" в "GLfloat", возможна потеря данных
C:\Users\1\source\repos\PGE\Project1\main.cpp(5148,35): warning C4244: аргумент: преобразование "double" в "GLfloat", возможна потеря данных
C:\Users\1\source\repos\PGE\Project1\main.cpp(5148,28): warning C4244: аргумент: преобразование "double" в "GLfloat", возможна потеря данных
C:\Users\1\source\repos\PGE\Project1\main.cpp(5149,60): warning C4244: аргумент: преобразование "double" в "GLfloat", возможна потеря данных
C:\Users\1\source\repos\PGE\Project1\main.cpp(5149,39): warning C4244: аргумент: преобразование "double" в "GLfloat", возможна потеря данных
C:\Users\1\source\repos\PGE\Project1\main.cpp(5149,28): warning C4244: аргумент: преобразование "double" в "GLfloat", возможна потеря данных
C:\Users\1\source\repos\PGE\Project1\main.cpp(5155,46): warning C4244: аргумент: преобразование "double" в "GLfloat", возможна потеря данных
C:\Users\1\source\repos\PGE\Project1\main.cpp(5155,31): warning C4244: аргумент: преобразование "double" в "GLfloat", возможна потеря данных
C:\Users\1\source\repos\PGE\Project1\main.cpp(5155,24): warning C4244: аргумент: преобразование "double" в "GLfloat", возможна потеря данных
C:\Users\1\source\repos\PGE\Project1\main.cpp(5156,54): warning C4244: аргумент: преобразование "double" в "GLfloat", возможна потеря данных
C:\Users\1\source\repos\PGE\Project1\main.cpp(5156,35): warning C4244: аргумент: преобразование "double" в "GLfloat", возможна потеря данных
C:\Users\1\source\repos\PGE\Project1\main.cpp(5156,24): warning C4244: аргумент: преобразование "double" в "GLfloat", возможна потеря данных
C:\Users\1\source\repos\PGE\Project1\main.cpp(5157,46): warning C4244: аргумент: преобразование "double" в "GLfloat", возможна потеря данных
C:\Users\1\source\repos\PGE\Project1\main.cpp(5157,31): warning C4244: аргумент: преобразование "double" в "GLfloat", возможна потеря данных
C:\Users\1\source\repos\PGE\Project1\main.cpp(5157,24): warning C4244: аргумент: преобразование "double" в "GLfloat", возможна потеря данных
C:\Users\1\source\repos\PGE\Project1\main.cpp(5158,54): warning C4244: аргумент: преобразование "double" в "GLfloat", возможна потеря данных
C:\Users\1\source\repos\PGE\Project1\main.cpp(5158,35): warning C4244: аргумент: преобразование "double" в "GLfloat", возможна потеря данных
C:\Users\1\source\repos\PGE\Project1\main.cpp(5158,24): warning C4244: аргумент: преобразование "double" в "GLfloat", возможна потеря данных
C:\Users\1\source\repos\PGE\Project1\main.cpp(5160,54): warning C4244: аргумент: преобразование "double" в "GLfloat", возможна потеря данных
C:\Users\1\source\repos\PGE\Project1\main.cpp(5160,35): warning C4244: аргумент: преобразование "double" в "GLfloat", возможна потеря данных
C:\Users\1\source\repos\PGE\Project1\main.cpp(5160,28): warning C4244: аргумент: преобразование "double" в "GLfloat", возможна потеря данных
C:\Users\1\source\repos\PGE\Project1\main.cpp(5161,62): warning C4244: аргумент: преобразование "double" в "GLfloat", возможна потеря данных
C:\Users\1\source\repos\PGE\Project1\main.cpp(5161,39): warning C4244: аргумент: преобразование "double" в "GLfloat", возможна потеря данных
C:\Users\1\source\repos\PGE\Project1\main.cpp(5161,28): warning C4244: аргумент: преобразование "double" в "GLfloat", возможна потеря данных
C:\Users\1\source\repos\PGE\Project1\main.cpp(5162,54): warning C4244: аргумент: преобразование "double" в "GLfloat", возможна потеря данных
C:\Users\1\source\repos\PGE\Project1\main.cpp(5162,35): warning C4244: аргумент: преобразование "double" в "GLfloat", возможна потеря данных
C:\Users\1\source\repos\PGE\Project1\main.cpp(5162,28): warning C4244: аргумент: преобразование "double" в "GLfloat", возможна потеря данных
C:\Users\1\source\repos\PGE\Project1\main.cpp(5163,62): warning C4244: аргумент: преобразование "double" в "GLfloat", возможна потеря данных
C:\Users\1\source\repos\PGE\Project1\main.cpp(5163,39): warning C4244: аргумент: преобразование "double" в "GLfloat", возможна потеря данных
C:\Users\1\source\repos\PGE\Project1\main.cpp(5163,28): warning C4244: аргумент: преобразование "double" в "GLfloat", возможна потеря данных
C:\Users\1\source\repos\PGE\Project1\main.cpp(5235,39): warning C4018: <: несоответствие типов со знаком и без знака
C:\Users\1\source\repos\PGE\Project1\main.cpp(5247,39): warning C4018: <: несоответствие типов со знаком и без знака
C:\Users\1\source\repos\PGE\Project1\main.cpp(5326,27): warning C4018: <: несоответствие типов со знаком и без знака
C:\Users\1\source\repos\PGE\Project1\main.cpp(5536,32): warning C4018: <: несоответствие типов со знаком и без знака
C:\Users\1\source\repos\PGE\Project1\main.cpp(5540,36): warning C4018: <: несоответствие типов со знаком и без знака
C:\Users\1\source\repos\PGE\Project1\main.cpp(5611,51): warning C4018: <: несоответствие типов со знаком и без знака
C:\Users\1\source\repos\PGE\Project1\main.cpp(5692,27): warning C4018: <: несоответствие типов со знаком и без знака
C:\Users\1\source\repos\PGE\Project1\main.cpp(5700,31): warning C4018: <: несоответствие типов со знаком и без знака
C:\Users\1\source\repos\PGE\Project1\main.cpp(5744,31): warning C4018: <: несоответствие типов со знаком и без знака
C:\Users\1\source\repos\PGE\Project1\main.cpp(5762,23): warning C4018: <: несоответствие типов со знаком и без знака
C:\Users\1\source\repos\PGE\Project1\main.cpp(5785,51): warning C4018: <: несоответствие типов со знаком и без знака
C:\Users\1\source\repos\PGE\Project1\main.cpp(5866,31): warning C4018: <: несоответствие типов со знаком и без знака
C:\Users\1\source\repos\PGE\Project1\main.cpp(5874,31): warning C4018: <: несоответствие типов со знаком и без знака
C:\Users\1\source\repos\PGE\Project1\main.cpp(5912,31): warning C4018: <: несоответствие типов со знаком и без знака
C:\Users\1\source\repos\PGE\Project1\main.cpp(5928,23): warning C4018: <: несоответствие типов со знаком и без знака
C:\Users\1\source\repos\PGE\Project1\main.cpp(5960,51): warning C4018: <: несоответствие типов со знаком и без знака
C:\Users\1\source\repos\PGE\Project1\main.cpp(6041,27): warning C4018: <: несоответствие типов со знаком и без знака
C:\Users\1\source\repos\PGE\Project1\main.cpp(6048,31): warning C4018: <: несоответствие типов со знаком и без знака
C:\Users\1\source\repos\PGE\Project1\main.cpp(6086,31): warning C4018: <: несоответствие типов со знаком и без знака
C:\Users\1\source\repos\PGE\Project1\main.cpp(6102,23): warning C4018: <: несоответствие типов со знаком и без знака
C:\Users\1\source\repos\PGE\Project1\main.cpp(5577,9): warning C4101: i: неиспользованная локальная переменная
  Создание кода
  0 of 2390 functions ( 0.0%) were compiled, the rest were copied from previous compilation.
    0 functions were new in current compilation
    0 functions had inline decision re-evaluated but remain unchanged
  Создание кода завершено
  Project1.vcxproj -> C:\Users\1\source\repos\PGE\Release\Project1.exe
